  20232907 정현승 과제 1 코드.c
D:\OneDrive - 중앙대학교\2학년 1학기\자료와 정보\과제 1 코드\20232907 정현승 과제 1 코드.c(86,8): warning C4244: '함수': 'time_t'에서 'unsigned int'(으)로 변환하면서 데이터가 손실될 수 있습니다.
D:\OneDrive - 중앙대학교\2학년 1학기\자료와 정보\과제 1 코드\20232907 정현승 과제 1 코드.c(97,23): warning C4244: '=': '__int64'에서 'int'(으)로 변환하면서 데이터가 손실될 수 있습니다.
D:\OneDrive - 중앙대학교\2학년 1학기\자료와 정보\과제 1 코드\20232907 정현승 과제 1 코드.c(104,21): warning C4244: '=': '__int64'에서 'int'(으)로 변환하면서 데이터가 손실될 수 있습니다.
D:\OneDrive - 중앙대학교\2학년 1학기\자료와 정보\과제 1 코드\20232907 정현승 과제 1 코드.c(126,23): warning C4244: '=': '__int64'에서 'int'(으)로 변환하면서 데이터가 손실될 수 있습니다.
D:\OneDrive - 중앙대학교\2학년 1학기\자료와 정보\과제 1 코드\20232907 정현승 과제 1 코드.c(155,26): warning C4090: '=': 'const' 한정자가 서로 다릅니다.
D:\OneDrive - 중앙대학교\2학년 1학기\자료와 정보\과제 1 코드\20232907 정현승 과제 1 코드.c(162,28): warning C4090: '=': 'const' 한정자가 서로 다릅니다.
D:\OneDrive - 중앙대학교\2학년 1학기\자료와 정보\과제 1 코드\20232907 정현승 과제 1 코드.c(216,20): warning C4244: '=': '__int64'에서 'int'(으)로 변환하면서 데이터가 손실될 수 있습니다.
D:\OneDrive - 중앙대학교\2학년 1학기\자료와 정보\과제 1 코드\20232907 정현승 과제 1 코드.c(229,24): warning C4244: '=': '__int64'에서 'int'(으)로 변환하면서 데이터가 손실될 수 있습니다.
D:\OneDrive - 중앙대학교\2학년 1학기\자료와 정보\과제 1 코드\20232907 정현승 과제 1 코드.c(231,24): warning C4244: '=': '__int64'에서 'int'(으)로 변환하면서 데이터가 손실될 수 있습니다.
D:\OneDrive - 중앙대학교\2학년 1학기\자료와 정보\과제 1 코드\20232907 정현승 과제 1 코드.c(311,25): warning C4090: '=': 'const' 한정자가 서로 다릅니다.
D:\OneDrive - 중앙대학교\2학년 1학기\자료와 정보\과제 1 코드\20232907 정현승 과제 1 코드.c(328,30): warning C4090: '=': 'const' 한정자가 서로 다릅니다.
D:\OneDrive - 중앙대학교\2학년 1학기\자료와 정보\과제 1 코드\20232907 정현승 과제 1 코드.c(332,15): warning C4090: '=': 'const' 한정자가 서로 다릅니다.
D:\OneDrive - 중앙대학교\2학년 1학기\자료와 정보\과제 1 코드\20232907 정현승 과제 1 코드.c(378,11): warning C4047: '함수': 'void **'의 간접 참조 수준이 'char ***'과(와) 다릅니다.
D:\OneDrive - 중앙대학교\2학년 1학기\자료와 정보\과제 1 코드\20232907 정현승 과제 1 코드.c(378,11): warning C4022: 'freeset': 실제 매개 변수 1의 포인터가 일치하지 않습니다.
D:\OneDrive - 중앙대학교\2학년 1학기\자료와 정보\과제 1 코드\20232907 정현승 과제 1 코드.c(384,21): warning C4267: '함수': 'size_t'에서 'int'(으)로 변환하면서 데이터가 손실될 수 있습니다.
D:\OneDrive - 중앙대학교\2학년 1학기\자료와 정보\과제 1 코드\20232907 정현승 과제 1 코드.c(387,22): warning C4267: '함수': 'size_t'에서 'int'(으)로 변환하면서 데이터가 손실될 수 있습니다.
D:\OneDrive - 중앙대학교\2학년 1학기\자료와 정보\과제 1 코드\20232907 정현승 과제 1 코드.c(402,11): warning C4047: '함수': 'void **'의 간접 참조 수준이 'char ***'과(와) 다릅니다.
D:\OneDrive - 중앙대학교\2학년 1학기\자료와 정보\과제 1 코드\20232907 정현승 과제 1 코드.c(402,11): warning C4022: 'freeset': 실제 매개 변수 1의 포인터가 일치하지 않습니다.
D:\OneDrive - 중앙대학교\2학년 1학기\자료와 정보\과제 1 코드\20232907 정현승 과제 1 코드.c(409,31): warning C4244: '=': 'double'에서 'float'(으)로 변환하면서 데이터가 손실될 수 있습니다.
D:\OneDrive - 중앙대학교\2학년 1학기\자료와 정보\과제 1 코드\20232907 정현승 과제 1 코드.c(410,31): warning C4244: '=': 'double'에서 'float'(으)로 변환하면서 데이터가 손실될 수 있습니다.
D:\OneDrive - 중앙대학교\2학년 1학기\자료와 정보\과제 1 코드\20232907 정현승 과제 1 코드.c(412,33): warning C4244: '=': 'double'에서 'float'(으)로 변환하면서 데이터가 손실될 수 있습니다.
D:\OneDrive - 중앙대학교\2학년 1학기\자료와 정보\과제 1 코드\20232907 정현승 과제 1 코드.c(414,28): warning C4244: '=': 'double'에서 'float'(으)로 변환하면서 데이터가 손실될 수 있습니다.
D:\OneDrive - 중앙대학교\2학년 1학기\자료와 정보\과제 1 코드\20232907 정현승 과제 1 코드.c(417,25): warning C4244: '=': 'double'에서 'float'(으)로 변환하면서 데이터가 손실될 수 있습니다.
D:\OneDrive - 중앙대학교\2학년 1학기\자료와 정보\과제 1 코드\20232907 정현승 과제 1 코드.c(420,30): warning C4244: '=': 'double'에서 'float'(으)로 변환하면서 데이터가 손실될 수 있습니다.
D:\OneDrive - 중앙대학교\2학년 1학기\자료와 정보\과제 1 코드\20232907 정현승 과제 1 코드.c(421,29): warning C4244: '=': 'double'에서 'float'(으)로 변환하면서 데이터가 손실될 수 있습니다.
D:\OneDrive - 중앙대학교\2학년 1학기\자료와 정보\과제 1 코드\20232907 정현승 과제 1 코드.c(422,22): warning C4244: '=': 'double'에서 'float'(으)로 변환하면서 데이터가 손실될 수 있습니다.
D:\OneDrive - 중앙대학교\2학년 1학기\자료와 정보\과제 1 코드\20232907 정현승 과제 1 코드.c(426,28): warning C4244: '=': 'double'에서 'float'(으)로 변환하면서 데이터가 손실될 수 있습니다.
D:\OneDrive - 중앙대학교\2학년 1학기\자료와 정보\과제 1 코드\20232907 정현승 과제 1 코드.c(427,33): warning C4244: '=': 'double'에서 'float'(으)로 변환하면서 데이터가 손실될 수 있습니다.
D:\OneDrive - 중앙대학교\2학년 1학기\자료와 정보\과제 1 코드\20232907 정현승 과제 1 코드.c(428,26): warning C4244: '=': 'double'에서 'float'(으)로 변환하면서 데이터가 손실될 수 있습니다.
D:\OneDrive - 중앙대학교\2학년 1학기\자료와 정보\과제 1 코드\20232907 정현승 과제 1 코드.c(486,5): warning C4477: 'fprintf' : 서식 문자열 '%d'에 'int' 형식의 인수가 필요하지만 variadic 인수 1의 형식이 'size_t'입니다.
  D:\OneDrive - 중앙대학교\2학년 1학기\자료와 정보\과제 1 코드\20232907 정현승 과제 1 코드.c(486,5):
  서식 문자열에서 '%zd'을(를) 사용하는 것이 좋습니다.
  
D:\OneDrive - 중앙대학교\2학년 1학기\자료와 정보\과제 1 코드\20232907 정현승 과제 1 코드.c(440,10): warning C4090: '초기화 중': 'const' 한정자가 서로 다릅니다.
D:\OneDrive - 중앙대학교\2학년 1학기\자료와 정보\과제 1 코드\20232907 정현승 과제 1 코드.c(617,11): warning C4047: '함수': 'void **'의 간접 참조 수준이 'double ***'과(와) 다릅니다.
D:\OneDrive - 중앙대학교\2학년 1학기\자료와 정보\과제 1 코드\20232907 정현승 과제 1 코드.c(617,11): warning C4022: 'freeset': 실제 매개 변수 1의 포인터가 일치하지 않습니다.
  과제 1 코드.vcxproj -> D:\OneDrive - 중앙대학교\2학년 1학기\자료와 정보\과제 1 코드\x64\Debug\과제 1 코드.exe
